<?xml version="1.0" encoding="UTF-8"?>
<testng-results ignored="37" total="38" passed="1" failed="0" skipped="0">
  <reporter-output>
  </reporter-output>
  <suite started-at="2022-05-17T21:31:34 PDT" name="Default suite" finished-at="2022-05-17T21:31:44 PDT" duration-ms="10074">
    <groups>
    </groups>
    <test started-at="2022-05-17T21:31:34 PDT" name="Default test" finished-at="2022-05-17T21:31:44 PDT" duration-ms="10074">
      <class name="com.salesforce.test.SFautomationScript">
        <test-method signature="TC07()[pri:0, instance:com.salesforce.test.SFautomationScript@72057ecf]" started-at="2022-05-17T21:31:34 PDT" name="TC07" finished-at="2022-05-17T21:31:44 PDT" duration-ms="10018" status="PASS">
          <reporter-output>
          </reporter-output>
        </test-method> <!-- TC07 -->
      </class> <!-- com.salesforce.test.SFautomationScript -->
    </test> <!-- Default test -->
  </suite> <!-- Default suite -->
</testng-results>
