<?xml version="1.0" encoding="UTF-8"?>
<!-- Generated by org.testng.reporters.JUnitXMLReporter -->
<testsuite ignored="37" hostname="DESKTOP-032RF4C" failures="0" tests="1" name="Default test" time="10.074" errors="0" timestamp="2022-05-17T21:31:44 PDT">
  <testcase classname="com.salesforce.test.SFautomationScript" name="TC07" time="10.018"/>
  <testcase classname="com.salesforce.test.SFautomationScript" name="TC31" time="0.0">
    <ignored/>
  </testcase> <!-- TC31 -->
  <testcase classname="com.salesforce.test.SFautomationScript" name="TC21" time="0.0">
    <ignored/>
  </testcase> <!-- TC21 -->
  <testcase classname="com.salesforce.test.SFautomationScript" name="TC02" time="0.0">
    <ignored/>
  </testcase> <!-- TC02 -->
  <testcase classname="com.salesforce.test.SFautomationScript" name="TC36" time="0.0">
    <ignored/>
  </testcase> <!-- TC36 -->
  <testcase classname="com.salesforce.test.SFautomationScript" name="TC14" time="0.0">
    <ignored/>
  </testcase> <!-- TC14 -->
  <testcase classname="com.salesforce.test.SFautomationScript" name="TC33" time="0.0">
    <ignored/>
  </testcase> <!-- TC33 -->
  <testcase classname="com.salesforce.test.SFautomationScript" name="TC11" time="0.0">
    <ignored/>
  </testcase> <!-- TC11 -->
  <testcase classname="com.salesforce.test.SFautomationScript" name="TC04B" time="0.0">
    <ignored/>
  </testcase> <!-- TC04B -->
  <testcase classname="com.salesforce.test.SFautomationScript" name="TC34" time="0.0">
    <ignored/>
  </testcase> <!-- TC34 -->
  <testcase classname="com.salesforce.test.SFautomationScript" name="TC12" time="0.0">
    <ignored/>
  </testcase> <!-- TC12 -->
  <testcase classname="com.salesforce.test.SFautomationScript" name="TC28" time="0.0">
    <ignored/>
  </testcase> <!-- TC28 -->
  <testcase classname="com.salesforce.test.SFautomationScript" name="TC06" time="0.0">
    <ignored/>
  </testcase> <!-- TC06 -->
  <testcase classname="com.salesforce.test.SFautomationScript" name="TC18" time="0.0">
    <ignored/>
  </testcase> <!-- TC18 -->
  <testcase classname="com.salesforce.test.SFautomationScript" name="TC26" time="0.0">
    <ignored/>
  </testcase> <!-- TC26 -->
  <testcase classname="com.salesforce.test.SFautomationScript" name="TC16" time="0.0">
    <ignored/>
  </testcase> <!-- TC16 -->
  <testcase classname="com.salesforce.test.SFautomationScript" name="TC08" time="0.0">
    <ignored/>
  </testcase> <!-- TC08 -->
  <testcase classname="com.salesforce.test.SFautomationScript" name="TC20" time="0.0">
    <ignored/>
  </testcase> <!-- TC20 -->
  <testcase classname="com.salesforce.test.SFautomationScript" name="TC04A" time="0.0">
    <ignored/>
  </testcase> <!-- TC04A -->
  <testcase classname="com.salesforce.test.SFautomationScript" name="TC32" time="0.0">
    <ignored/>
  </testcase> <!-- TC32 -->
  <testcase classname="com.salesforce.test.SFautomationScript" name="TC10" time="0.0">
    <ignored/>
  </testcase> <!-- TC10 -->
  <testcase classname="com.salesforce.test.SFautomationScript" name="TC30" time="0.0">
    <ignored/>
  </testcase> <!-- TC30 -->
  <testcase classname="com.salesforce.test.SFautomationScript" name="TC35" time="0.0">
    <ignored/>
  </testcase> <!-- TC35 -->
  <testcase classname="com.salesforce.test.SFautomationScript" name="TC13" time="0.0">
    <ignored/>
  </testcase> <!-- TC13 -->
  <testcase classname="com.salesforce.test.SFautomationScript" name="TC03" time="0.0">
    <ignored/>
  </testcase> <!-- TC03 -->
  <testcase classname="com.salesforce.test.SFautomationScript" name="TC25" time="0.0">
    <ignored/>
  </testcase> <!-- TC25 -->
  <testcase classname="com.salesforce.test.SFautomationScript" name="TC22" time="0.0">
    <ignored/>
  </testcase> <!-- TC22 -->
  <testcase classname="com.salesforce.test.SFautomationScript" name="TC23" time="0.0">
    <ignored/>
  </testcase> <!-- TC23 -->
  <testcase classname="com.salesforce.test.SFautomationScript" name="TC01" time="0.0">
    <ignored/>
  </testcase> <!-- TC01 -->
  <testcase classname="com.salesforce.test.SFautomationScript" name="TC17" time="0.0">
    <ignored/>
  </testcase> <!-- TC17 -->
  <testcase classname="com.salesforce.test.SFautomationScript" name="TC29" time="0.0">
    <ignored/>
  </testcase> <!-- TC29 -->
  <testcase classname="com.salesforce.test.SFautomationScript" name="T24" time="0.0">
    <ignored/>
  </testcase> <!-- T24 -->
  <testcase classname="com.salesforce.test.SFautomationScript" name="TC37" time="0.0">
    <ignored/>
  </testcase> <!-- TC37 -->
  <testcase classname="com.salesforce.test.SFautomationScript" name="TC15" time="0.0">
    <ignored/>
  </testcase> <!-- TC15 -->
  <testcase classname="com.salesforce.test.SFautomationScript" name="TC27" time="0.0">
    <ignored/>
  </testcase> <!-- TC27 -->
  <testcase classname="com.salesforce.test.SFautomationScript" name="TC05" time="0.0">
    <ignored/>
  </testcase> <!-- TC05 -->
  <testcase classname="com.salesforce.test.SFautomationScript" name="TC19" time="0.0">
    <ignored/>
  </testcase> <!-- TC19 -->
  <testcase classname="com.salesforce.test.SFautomationScript" name="TC09" time="0.0">
    <ignored/>
  </testcase> <!-- TC09 -->
</testsuite> <!-- Default test -->
